<?xml version="1.0" encoding="UTF-8"?>
<!-- Generated by org.testng.reporters.JUnitXMLReporter -->
<testsuite ignored="1" hostname="DESKTOP-EJ1D7AM" failures="0" tests="4" name="Car Loan" time="0.056" errors="0" timestamp="02 Jun 2020 10:47:18 GMT">
  <testcase classname="test.day3" name="MobileLogincarLoan" time="0.001"/>
  <testcase classname="test.day3" name="MobilesignimcarLoan" time="0.002"/>
  <testcase classname="test.day3" name="mobileSignoutcarLoan" time="0.002"/>
  <testcase classname="test.day3" name="webLoginCarLoan" time="0.006"/>
  <testcase classname="test.day3" name="APIcarLoan" time="0.0">
    <ignored/>
  </testcase> <!-- APIcarLoan -->
</testsuite> <!-- Car Loan -->
