<?xml version="1.0" encoding="UTF-8"?>
<!-- Generated by org.testng.reporters.JUnitXMLReporter -->
<testsuite ignored="1" hostname="DESKTOP-EJ1D7AM" failures="1" tests="8" name="Personal loan" time="0.184" errors="0" timestamp="02 Jun 2020 10:47:18 GMT">
  <testcase classname="test.day1" name="firstTest" time="0.019">
    <failure type="java.lang.AssertionError" message="expected [true] but found [false]">
      <![CDATA[java.lang.AssertionError: expected [true] but found [false]
at test.day1.firstTest(day1.java:19)
... Removed 29 stack frames]]>
    </failure>
  </testcase> <!-- firstTest -->
  <testcase classname="test.day1" name="secondTest" time="0.0">
    <skipped/>
  </testcase> <!-- secondTest -->
  <testcase classname="test.day2" name="ploan" time="0.005"/>
  <testcase classname="test.day4" name="WebloginHomeLoan" time="0.006"/>
  <testcase classname="test.day4" name="MobileLoginHomeLoan" time="0.016"/>
  <testcase classname="test.day4" name="LoginAPIHomeLoan" time="0.004"/>
  <testcase classname="test.day4" name="LoginAPIHomeLoan" time="0.003"/>
  <testcase classname="test.day4" name="LoginAPIHomeLoan" time="0.003"/>
  <testcase classname="test.day2" name="hloan" time="0.0">
    <ignored/>
  </testcase> <!-- hloan -->
</testsuite> <!-- Personal loan -->
